AndroidBluetoothShare/proguard/seeds.txt
com.purehero.bluetooth.contact_share.MainActivity
com.purehero.bluetooth.contact_share.MainActivity: MainActivity()
com.purehero.bluetooth.contact_share.R$anim: int abc_fade_in
com.purehero.bluetooth.contact_share.R$anim: int abc_fade_out
com.purehero.bluetooth.contact_share.R$anim: int abc_slide_in_bottom
com.purehero.bluetooth.contact_share.R$anim: int abc_slide_in_top
com.purehero.bluetooth.contact_share.R$anim: int abc_slide_out_bottom
com.purehero.bluetooth.contact_share.R$anim: int abc_slide_out_top
com.purehero.bluetooth.contact_share.R$attr: int accentColor
com.purehero.bluetooth.contact_share.R$attr: int actionBarDivider
com.purehero.bluetooth.contact_share.R$attr: int actionBarItemBackground
com.purehero.bluetooth.contact_share.R$attr: int actionBarSize
com.purehero.bluetooth.contact_share.R$attr: int actionBarSplitStyle
com.purehero.bluetooth.contact_share.R$attr: int actionBarStyle
com.purehero.bluetooth.contact_share.R$attr: int actionBarTabBarStyle
com.purehero.bluetooth.contact_share.R$attr: int actionBarTabStyle
com.purehero.bluetooth.contact_share.R$attr: int actionBarTabTextStyle
com.purehero.bluetooth.contact_share.R$attr: int actionBarWidgetTheme
com.purehero.bluetooth.contact_share.R$attr: int actionButtonStyle
com.purehero.bluetooth.contact_share.R$attr: int actionDropDownStyle
com.purehero.bluetooth.contact_share.R$attr: int actionLayout
com.purehero.bluetooth.contact_share.R$attr: int actionMenuTextAppearance
com.purehero.bluetooth.contact_share.R$attr: int actionMenuTextColor
com.purehero.bluetooth.contact_share.R$attr: int actionModeBackground
com.purehero.bluetooth.contact_share.R$attr: int actionModeCloseButtonStyle
com.purehero.bluetooth.contact_share.R$attr: int actionModeCloseDrawable
com.purehero.bluetooth.contact_share.R$attr: int actionModeCopyDrawable
com.purehero.bluetooth.contact_share.R$attr: int actionModeCutDrawable
com.purehero.bluetooth.contact_share.R$attr: int actionModeFindDrawable
com.purehero.bluetooth.contact_share.R$bool: int abc_action_bar_embed_tabs_pre_jb
com.purehero.bluetooth.contact_share.R$bool: int abc_action_bar_expanded_action_views_exclusive
com.purehero.bluetooth.contact_share.R$bool: int abc_config_actionMenuItemAllCaps
com.purehero.bluetooth.contact_share.R$bool: int abc_config_allowActionMenuItemTextWithIcon
com.purehero.bluetooth.contact_share.R$bool: int abc_config_showMenuShortcutsWhenKeyboardPresent
com.purehero.bluetooth.contact_share.R$bool: int abc_split_action_bar_is_narrow
com.purehero.bluetooth.contact_share.R$bool: int isTablet
com.purehero.bluetooth.contact_share.R$color: int abc_search_url_text_holo
com.purehero.bluetooth.contact_share.R$color: int abc_search_url_text_normal
com.purehero.bluetooth.contact_share.R$color: int abc_search_url_text_pressed
com.purehero.bluetooth.contact_share.R$color: int abc_search_url_text_selected
com.purehero.bluetooth.contact_share.R$color: int background
com.purehero.bluetooth.contact_share.R$color: int black
com.purehero.bluetooth.contact_share.R$color: int bluedark
com.purehero.bluetooth.contact_share.R$color: int bluelight
com.purehero.bluetooth.contact_share.R$color: int bright_green
com.purehero.bluetooth.contact_share.R$color: int button_green
com.purehero.bluetooth.contact_share.R$color: int green_dark
com.purehero.bluetooth.contact_share.R$color: int green_temp
com.purehero.bluetooth.contact_share.R$color: int greendark
com.purehero.bluetooth.contact_share.R$color: int greenlight
com.purehero.bluetooth.contact_share.R$color: int grey
com.purehero.bluetooth.contact_share.R$color: int orangedark
com.purehero.bluetooth.contact_share.R$color: int orangelight
com.purehero.bluetooth.contact_share.R$color: int white
...
android.support.v4.widget.ResourceCursorAdapter
android.support.v4.widget.ResourceCursorAdapter: ResourceCursorAdapter(android.content.Context,int,android.database.Cursor)
android.support.v4.widget.ResourceCursorAdapter: ResourceCursorAdapter(android.content.Context,int,android.database.Cursor,boolean)
android.support.v4.widget.ResourceCursorAdapter: ResourceCursorAdapter(android.content.Context,int,android.database.Cursor,int)
android.support.v4.widget.ResourceCursorAdapter: android.view.View newView(android.content.Context,android.database.Cursor,android.view.ViewGroup)
android.support.v4.widget.ResourceCursorAdapter: android.view.View newDropDownView(android.content.Context,android.database.Cursor,android.view.ViewGroup)
android.support.v4.widget.ResourceCursorAdapter: void setViewResource(int)
android.support.v4.widget.ResourceCursorAdapter: void setDropDownViewResource(int)
android.support.v4.widget.ScrollerCompat
android.support.v4.widget.ScrollerCompat: android.support.v4.widget.ScrollerCompat create(android.content.Context)
android.support.v4.widget.ScrollerCompat: android.support.v4.widget.ScrollerCompat create(android.content.Context,android.view.animation.Interpolator)
android.support.v4.widget.ScrollerCompat: boolean isFinished()
android.support.v4.widget.ScrollerCompat: int getCurrX()
android.support.v4.widget.ScrollerCompat: int getCurrY()
android.support.v4.widget.ScrollerCompat: int getFinalX()
android.support.v4.widget.ScrollerCompat: int getFinalY()
android.support.v4.widget.ScrollerCompat: float getCurrVelocity()
android.support.v4.widget.ScrollerCompat: boolean computeScrollOffset()
android.support.v4.widget.ScrollerCompat: void startScroll(int,int,int,int)
android.support.v4.widget.ScrollerCompat: void startScroll(int,int,int,int,int)
android.support.v4.widget.ScrollerCompat: void fling(int,int,int,int,int,int,int,int)
android.support.v4.widget.ScrollerCompat: void fling(int,int,int,int,int,int,int,int,int,int)
android.support.v4.widget.ScrollerCompat: void abortAnimation()
android.support.v4.widget.ScrollerCompat: void notifyHorizontalEdgeReached(int,int,int)
android.support.v4.widget.ScrollerCompat: void notifyVerticalEdgeReached(int,int,int)
android.support.v4.widget.ScrollerCompat: boolean isOverScrolled()
android.support.v4.widget.ScrollerCompat$ScrollerCompatImpl
android.support.v4.widget.ScrollerCompat$ScrollerCompatImpl: java.lang.Object createScroller(android.content.Context,android.view.animation.Interpolator)
android.support.v4.widget.ScrollerCompat$ScrollerCompatImpl: boolean isFinished(java.lang.Object)
android.support.v4.widget.ScrollerCompat$ScrollerCompatImpl: int getCurrX(java.lang.Object)
android.support.v4.widget.ScrollerCompat$ScrollerCompatImpl: int getCurrY(java.lang.Object)
android.support.v4.widget.ScrollerCompat$ScrollerCompatImpl: float getCurrVelocity(java.lang.Object)
android.support.v4.widget.ScrollerCompat$ScrollerCompatImpl: boolean computeScrollOffset(java.lang.Object)
android.support.v4.widget.ScrollerCompat$ScrollerCompatImpl: void startScroll(java.lang.Object,int,int,int,int)
android.support.v4.widget.ScrollerCompat$ScrollerCompatImpl: void startScroll(java.lang.Object,int,int,int,int,int)
android.support.v4.widget.ScrollerCompat$ScrollerCompatImpl: void fling(java.lang.Object,int,int,int,int,int,int,int,int)
android.support.v4.widget.ScrollerCompat$ScrollerCompatImpl: void fling(java.lang.Object,int,int,int,int,int,int,int,int,int,int)
android.support.v4.widget.ScrollerCompat$ScrollerCompatImpl: void abortAnimation(java.lang.Object)
android.support.v4.widget.ScrollerCompat$ScrollerCompatImpl: void notifyHorizontalEdgeReached(java.lang.Object,int,int,int)