AndroidBluetoothShare/proguard/mapping.txt
com.purehero.bluetooth.contact_share.ContactBackupAdapter -> com.purehero.bluetooth.contact_share.a:
    android.app.Activity context -> b
    java.util.List listDatas -> c
    java.text.SimpleDateFormat data_format -> a
    boolean showCheckBox -> d
    void getBackupContactDatas() -> a
    int getCount() -> getCount
    java.lang.Object getItem(int) -> getItem
    long getItemId(int) -> getItemId
    android.view.View getView(int,android.view.View,android.view.ViewGroup) -> getView
    boolean isShowCheckBox() -> b
    void setShowCheckBox(boolean) -> a
    void remove(int) -> a
    void restore(int) -> b
com.purehero.bluetooth.contact_share.ContactBackupAdapter$ViewHolder -> com.purehero.bluetooth.contact_share.b:
    android.widget.ImageView icon -> a
    android.widget.TextView name -> b
    android.widget.TextView size -> c
    android.widget.TextView date -> d
    com.purehero.bluetooth.contact_share.ContactBackupAdapter this$0 -> e
com.purehero.bluetooth.contact_share.ContactBackupFragment -> com.purehero.bluetooth.contact_share.c:
    com.purehero.bluetooth.contact_share.MainActivity context -> d
    android.view.View layout -> e
    android.widget.ListView listView -> a
    com.purehero.bluetooth.contact_share.ContactBackupAdapter adapter -> b
    java.util.List listDatas -> c
    android.view.View onCreateView(android.view.LayoutInflater,android.view.ViewGroup,android.os.Bundle) -> onCreateView
    boolean onBackPressed() -> l
    void onItemClick(android.widget.AdapterView,android.view.View,int,long) -> onItemClick
    void onCreateContextMenu(android.view.ContextMenu,android.view.View,android.view.ContextMenu$ContextMenuInfo) -> onCreateContextMenu
    boolean onContextItemSelected(android.view.MenuItem) -> onContextItemSelected
com.purehero.bluetooth.contact_share.ContactFragment -> com.purehero.bluetooth.contact_share.d:
    com.purehero.bluetooth.contact_share.MainActivity context -> b
    android.view.View layout -> c
    android.widget.ListView listView -> d
    android.widget.ProgressBar progressBar -> e
    com.purehero.contact.ContactAdapter adapter -> f
    java.lang.Runnable getContactRunnable -> a
    android.view.View onCreateView(android.view.LayoutInflater,android.view.ViewGroup,android.os.Bundle) -> onCreateView
    boolean onBackPressed() -> l
    void onItemClick(android.widget.AdapterView,android.view.View,int,long) -> onItemClick
    boolean onItemLongClick(android.widget.AdapterView,android.view.View,int,long) -> onItemLongClick
    void onCreateContextMenu(android.view.ContextMenu,android.view.View,android.view.ContextMenu$ContextMenuInfo) -> onCreateContextMenu
    boolean onContextItemSelected(android.view.MenuItem) -> onContextItemSelected
    void onClick(android.view.View) -> onClick
    com.purehero.contact.ContactAdapter access$0(com.purehero.bluetooth.contact_share.ContactFragment) -> a
    com.purehero.bluetooth.contact_share.MainActivity access$1(com.purehero.bluetooth.contact_share.ContactFragment) -> b
    void access$2(com.purehero.bluetooth.contact_share.ContactFragment,com.purehero.contact.ContactAdapter) -> a
    android.widget.ListView access$3(com.purehero.bluetooth.contact_share.ContactFragment) -> c
com.purehero.bluetooth.contact_share.ContactFragment$1 -> com.purehero.bluetooth.contact_share.e:
    com.purehero.bluetooth.contact_share.ContactFragment this$0 -> a
    void run() -> run
    com.purehero.bluetooth.contact_share.ContactFragment access$0(com.purehero.bluetooth.contact_share.ContactFragment$1) -> a
com.purehero.bluetooth.contact_share.ContactFragment$1$1 -> com.purehero.bluetooth.contact_share.f:
    com.purehero.bluetooth.contact_share.ContactFragment$1 this$1 -> a
    void run() -> run
    com.purehero.bluetooth.contact_share.ContactFragment$1 access$0(com.purehero.bluetooth.contact_share.ContactFragment$1$1) -> a
...
android.support.v4.text.ICUCompat$ICUCompatImpl -> android.support.v4.text.ICUCompat$ICUCompatImpl:
    java.lang.String getScript(java.lang.String) -> getScript
    java.lang.String addLikelySubtags(java.lang.String) -> addLikelySubtags
android.support.v4.text.ICUCompat$ICUCompatImplBase -> android.support.v4.text.ICUCompat$ICUCompatImplBase:
    java.lang.String getScript(java.lang.String) -> getScript
    java.lang.String addLikelySubtags(java.lang.String) -> addLikelySubtags
android.support.v4.text.ICUCompat$ICUCompatImplIcs -> android.support.v4.text.ICUCompat$ICUCompatImplIcs:
    java.lang.String getScript(java.lang.String) -> getScript
    java.lang.String addLikelySubtags(java.lang.String) -> addLikelySubtags
android.support.v4.text.ICUCompatIcs -> android.support.v4.text.ICUCompatIcs:
    java.lang.reflect.Method sGetScriptMethod -> a
    java.lang.reflect.Method sAddLikelySubtagsMethod -> b
    java.lang.String getScript(java.lang.String) -> getScript
    java.lang.String addLikelySubtags(java.lang.String) -> addLikelySubtags
android.support.v4.text.TextDirectionHeuristicCompat -> android.support.v4.text.TextDirectionHeuristicCompat:
    boolean isRtl(char[],int,int) -> isRtl
    boolean isRtl(java.lang.CharSequence,int,int) -> isRtl
android.support.v4.text.TextDirectionHeuristicsCompat -> android.support.v4.text.TextDirectionHeuristicsCompat:
    android.support.v4.text.TextDirectionHeuristicCompat LTR -> LTR
    android.support.v4.text.TextDirectionHeuristicCompat RTL -> RTL
    android.support.v4.text.TextDirectionHeuristicCompat FIRSTSTRONG_LTR -> FIRSTSTRONG_LTR
    android.support.v4.text.TextDirectionHeuristicCompat FIRSTSTRONG_RTL -> FIRSTSTRONG_RTL
    android.support.v4.text.TextDirectionHeuristicCompat ANYRTL_LTR -> ANYRTL_LTR
    android.support.v4.text.TextDirectionHeuristicCompat LOCALE -> LOCALE
    int isRtlText(int) -> c
    int isRtlTextOrFormat(int) -> d
    int access$100(int) -> a
    int access$200(int) -> b
android.support.v4.text.TextDirectionHeuristicsCompat$1 -> android.support.v4.text.TextDirectionHeuristicsCompat$1:
android.support.v4.text.TextDirectionHeuristicsCompat$AnyStrong -> android.support.v4.text.TextDirectionHeuristicsCompat$AnyStrong:
    boolean mLookForRtl -> a
    android.support.v4.text.TextDirectionHeuristicsCompat$AnyStrong INSTANCE_RTL -> INSTANCE_RTL
    android.support.v4.text.TextDirectionHeuristicsCompat$AnyStrong INSTANCE_LTR -> INSTANCE_LTR
    int checkRtl(java.lang.CharSequence,int,int) -> checkRtl
android.support.v4.text.TextDirectionHeuristicsCompat$FirstStrong -> android.support.v4.text.TextDirectionHeuristicsCompat$FirstStrong:
    android.support.v4.text.TextDirectionHeuristicsCompat$FirstStrong INSTANCE -> INSTANCE
    int checkRtl(java.lang.CharSequence,int,int) -> checkRtl
android.support.v4.text.TextDirectionHeuristicsCompat$TextDirectionAlgorithm -> android.support.v4.text.TextDirectionHeuristicsCompat$TextDirectionAlgorithm:
    int checkRtl(java.lang.CharSequence,int,int) -> checkRtl
android.support.v4.text.TextDirectionHeuristicsCompat$TextDirectionHeuristicImpl -> android.support.v4.text.TextDirectionHeuristicsCompat$TextDirectionHeuristicImpl:
    android.support.v4.text.TextDirectionHeuristicsCompat$TextDirectionAlgorithm mAlgorithm -> a
    boolean defaultIsRtl() -> a
    boolean isRtl(char[],int,int) -> isRtl
    boolean isRtl(java.lang.CharSequence,int,int) -> isRtl
    boolean doCheck(java.lang.CharSequence,int,int) -> a
android.support.v4.text.TextDirectionHeuristicsCompat$TextDirectionHeuristicInternal -> android.support.v4.text.TextDirectionHeuristicsCompat$TextDirectionHeuristicInternal:
    boolean mDefaultIsRtl -> a
    boolean defaultIsRtl() -> a