AndroidBluetoothShare/proguard/usage.txt
com.purehero.bluetooth.contact_share.BuildConfig
com.purehero.bluetooth.contact_share.R
com.purehero.bluetooth.contact_share.R$anim
com.purehero.bluetooth.contact_share.R$attr
com.purehero.bluetooth.contact_share.R$bool
com.purehero.bluetooth.contact_share.R$color
com.purehero.bluetooth.contact_share.R$dimen
com.purehero.bluetooth.contact_share.R$drawable
com.purehero.bluetooth.contact_share.R$id
com.purehero.bluetooth.contact_share.R$integer
com.purehero.bluetooth.contact_share.R$layout
com.purehero.bluetooth.contact_share.R$menu
com.purehero.bluetooth.contact_share.R$string
com.purehero.bluetooth.contact_share.R$style
com.purehero.bluetooth.contact_share.R$styleable
com.purehero.bluetooth.contact_share.R$xml
com.purehero.bluetooth.contact_share.RemoteContactAdapter:
    private static final byte OPCODE_MASK_REQUEST
    private static final byte OPCODE_MASK_RESPONSE
    private static final byte OPCODE_CONTACT_LIST
    private static final byte OPCODE_CONTACT_ICON
    private static final byte OPCODE_CONTACT_DATAS
    private static final byte OPCODE_REQUEST_CONTACT_LIST
    private static final byte OPCODE_RESPONSE_CONTACT_LIST
    private static final byte OPCODE_REQUEST_CONTACT_ICON
    private static final byte OPCODE_RESPONSE_CONTACT_ICON
    private static final byte OPCODE_REQUEST_CONTACT_DATAS
    private static final byte OPCODE_RESPONSE_CONTACT_DATAS
...
android.support.v4.view.ViewCompat:
    private static final long FAKE_FRAME_TIME
android.support.v4.view.ViewPager:
    private static final java.lang.String TAG
    private static final boolean DEBUG
    private static final boolean USE_CACHE
    private static final int DEFAULT_OFFSCREEN_PAGES
    private static final int MAX_SETTLE_DURATION
    private static final int MIN_DISTANCE_FOR_FLING
    private static final int DEFAULT_GUTTER_SIZE
    private static final int MIN_FLING_VELOCITY
    private boolean mIgnoreGutter
    private static final int INVALID_POINTER
    private static final int CLOSE_ENOUGH
    private static final int DRAW_ORDER_DEFAULT
    private static final int DRAW_ORDER_FORWARD
    private static final int DRAW_ORDER_REVERSE
    778:779:void smoothScrollTo(int,int)
android.support.v4.widget.AutoScrollHelper:
    private static final int HORIZONTAL
    private static final int VERTICAL
    private static final int DEFAULT_EDGE_TYPE
    private static final int DEFAULT_MINIMUM_VELOCITY_DIPS
    private static final int DEFAULT_MAXIMUM_VELOCITY_DIPS
    private static final float DEFAULT_MAXIMUM_EDGE
    private static final float DEFAULT_RELATIVE_EDGE
    private static final float DEFAULT_RELATIVE_VELOCITY
    private static final int DEFAULT_RAMP_UP_DURATION
    private static final int DEFAULT_RAMP_DOWN_DURATION
android.support.v4.widget.ContentLoadingProgressBar:
    private static final int MIN_SHOW_TIME
    private static final int MIN_DELAY
android.support.v4.widget.CursorAdapter:
    160:161:protected void init(android.content.Context,android.database.Cursor,boolean)
android.support.v4.widget.DrawerLayout:
    private static final java.lang.String TAG
    private static final int MIN_DRAWER_MARGIN
    private static final int DEFAULT_SCRIM_COLOR
    private static final int PEEK_DELAY
    private static final int MIN_FLING_VELOCITY
    private static final boolean ALLOW_EDGE_LOCK
    private static final boolean CHILDREN_DISALLOW_INTERCEPT
    private static final float TOUCH_SLOP_SENSITIVITY
    593:602:void moveDrawerToOffset(android.view.View,float)
android.support.v4.widget.SearchViewCompat:
    264:266:private SearchViewCompat(android.content.Context)
android.support.v4.widget.SlidingPaneLayout:
    private static final java.lang.String TAG
    private static final int DEFAULT_OVERHANG_SIZE
    private static final int DEFAULT_FADE_COLOR
    private static final int MIN_FLING_VELOCITY
    1111:1130:protected boolean canScroll(android.view.View,boolean,int,int,int)
android.support.v4.widget.SwipeProgressBar:
    private static final int COLOR1
    private static final int COLOR2
    private static final int COLOR3
    private static final int COLOR4
    private static final int ANIMATION_DURATION_MS
    private static final int FINISH_ANIMATION_DURATION_MS
    133:133:boolean isRunning()
android.support.v4.widget.SwipeRefreshLayout:
    private static final long RETURN_TO_ORIGINAL_POSITION_TIMEOUT
    private static final float ACCELERATE_INTERPOLATION_FACTOR
    private static final float DECELERATE_INTERPOLATION_FACTOR
    private static final float PROGRESS_BAR_HEIGHT
    private static final float MAX_SWIPE_DISTANCE_FACTOR
    private static final int REFRESH_TRIGGER_DISTANCE
android.support.v4.widget.ViewDragHelper:
    private static final java.lang.String TAG
    private static final int EDGE_SIZE
    private static final int BASE_SETTLE_DURATION
    private static final int MAX_SETTLE_DURATION
    908:927:protected boolean canScroll(android.view.View,boolean,int,int,int,int)
android.support.v7.app.ActionBarActivityDelegate:
    static final java.lang.String METADATA_UI_OPTIONS
    static final java.lang.String UIOPTION_SPLIT_ACTION_BAR_WHEN_NARROW
    private static final java.lang.String TAG
android.support.v7.app.ActionBarActivityDelegateBase:
    private static final java.lang.String TAG